c:\users\franz\desktop\uni\asteroids\boilerplate\x64\debug\vc140.pdb
c:\users\franz\desktop\uni\asteroids\boilerplate\x64\debug\vc140.idb
c:\users\franz\desktop\uni\asteroids\boilerplate\x64\debug\app.obj
c:\users\franz\desktop\uni\asteroids\boilerplate\x64\debug\bullet.obj
c:\users\franz\desktop\uni\asteroids\boilerplate\x64\debug\draw.obj
c:\users\franz\desktop\uni\asteroids\boilerplate\x64\debug\sdlevent.obj
c:\users\franz\desktop\uni\asteroids\boilerplate\x64\debug\ship.obj
c:\users\franz\desktop\uni\asteroids\boilerplate\x64\debug\timemanager.obj
c:\users\franz\desktop\uni\asteroids\boilerplate\x64\debug\vector2.obj
c:\users\franz\desktop\uni\asteroids\boilerplate\x64\debug\main.obj
c:\users\franz\desktop\uni\asteroids\boilerplate\x64\debug\utilities.obj
c:\users\franz\desktop\uni\asteroids\boilerplate\x64\debug\load.obj
c:\users\franz\desktop\uni\asteroids\boilerplate\x64\debug\alienship.obj
c:\users\franz\desktop\uni\asteroids\boilerplate\x64\debug\asteroid.obj
c:\users\franz\desktop\uni\asteroids\boilerplate\x64\debug\stb_image.obj
c:\users\franz\desktop\uni\asteroids\x64\debug\boilerplate.ilk
c:\users\franz\desktop\uni\asteroids\x64\debug\boilerplate.exe
c:\users\franz\desktop\uni\asteroids\x64\debug\boilerplate.pdb
c:\users\franz\desktop\uni\asteroids\boilerplate\x64\debug\boilerplate.tlog\cl.command.1.tlog
c:\users\franz\desktop\uni\asteroids\boilerplate\x64\debug\boilerplate.tlog\cl.read.1.tlog
c:\users\franz\desktop\uni\asteroids\boilerplate\x64\debug\boilerplate.tlog\cl.write.1.tlog
c:\users\franz\desktop\uni\asteroids\boilerplate\x64\debug\boilerplate.tlog\link.command.1.tlog
c:\users\franz\desktop\uni\asteroids\boilerplate\x64\debug\boilerplate.tlog\link.read.1.tlog
c:\users\franz\desktop\uni\asteroids\boilerplate\x64\debug\boilerplate.tlog\link.write.1.tlog
